############################################################
# group name of the atoms under study      : all
# total number of atoms in the group       : 64
# dimension of the system                  : 1 D
# number of atoms per unit cell            : 2
# dimension of the FFT mesh                : 32 x 1 x 1
# number of wait steps before measurement  : 500000
# frequency of GFC measurement             : 10
# output result after this many measurement: 50000
# number of processors used by this run    : 1
############################################################
# mapping information between lattice index and atom id
# nx ny nz nucell
32 1 1 2
# l1 l2 l3 k atom_id
0 0 0 0 1
0 0 0 1 2
1 0 0 0 3
1 0 0 1 4
2 0 0 0 5
2 0 0 1 6
3 0 0 0 7
3 0 0 1 8
4 0 0 0 9
4 0 0 1 10
5 0 0 0 11
5 0 0 1 12
6 0 0 0 13
6 0 0 1 14
7 0 0 0 15
7 0 0 1 16
8 0 0 0 17
8 0 0 1 18
9 0 0 0 19
9 0 0 1 20
10 0 0 0 21
10 0 0 1 22
11 0 0 0 23
11 0 0 1 24
12 0 0 0 25
12 0 0 1 26
13 0 0 0 27
13 0 0 1 28
14 0 0 0 29
14 0 0 1 30
15 0 0 0 31
15 0 0 1 32
16 0 0 0 33
16 0 0 1 34
17 0 0 0 35
17 0 0 1 36
18 0 0 0 37
18 0 0 1 38
19 0 0 0 39
19 0 0 1 40
20 0 0 0 41
20 0 0 1 42
21 0 0 0 43
21 0 0 1 44
22 0 0 0 45
22 0 0 1 46
23 0 0 0 47
23 0 0 1 48
24 0 0 0 49
24 0 0 1 50
25 0 0 0 51
25 0 0 1 52
26 0 0 0 53
26 0 0 1 54
27 0 0 0 55
27 0 0 1 56
28 0 0 0 57
28 0 0 1 58
29 0 0 0 59
29 0 0 1 60
30 0 0 0 61
30 0 0 1 62
31 0 0 0 63
31 0 0 1 64
############################################################
############################################################
# Current time step                      : 1000000
# Total number of measurements           : 50000
# Average temperature of the measurement : 0.004998
# Boltzmann constant under current units : 1
############################################################
# qx	 qy 	 qz 		 Phi(q)
0 0 0 1.91182 0 -1.35186 0 -1.35186 0 0.955909 0
0.03125 0 0 2.04716 -2.87655e-15 -1.43291 0.141299 -1.43291 -0.141299 1.02753 -1.46581e-15
0.0625 0 0 1.98793 -1.37163e-15 -1.34951 0.263255 -1.34951 -0.263255 0.990933 -6.39233e-16
0.09375 0 0 2.03844 0 -1.32311 0.406769 -1.32311 -0.406769 1.04254 0
0.125 0 0 1.92137 -7.10259e-17 -1.14725 0.48036 -1.14725 -0.48036 0.970902 0
0.15625 0 0 1.94105 -7.10259e-17 -1.07349 0.551746 -1.07349 -0.551746 0.980988 0
0.1875 0 0 1.99984 0 -0.971225 0.647805 -0.971225 -0.647805 0.991712 -3.5513e-17
0.21875 0 0 2.0957 -7.10259e-17 -0.8877 0.73428 -0.8877 -0.73428 1.05058 0
0.25 0 0 2.00869 0 -0.711269 0.704538 -0.711269 -0.704538 1.01974 0
0.28125 0 0 2.03436 0 -0.598849 0.720003 -0.598849 -0.720003 0.991776 0
0.3125 0 0 1.97752 3.5513e-17 -0.484629 0.626971 -0.484629 -0.626971 1.01028 0
0.34375 0 0 2.01121 -3.5513e-17 -0.349584 0.589299 -0.349584 -0.589299 1.04502 0
0.375 0 0 2.03968 -2.25621e-17 -0.222241 0.484362 -0.222241 -0.484362 1.00621 0
0.40625 0 0 2.01794 0 -0.129513 0.352051 -0.129513 -0.352051 0.973269 0
0.4375 0 0 1.94327 2.21956e-18 -0.0662302 0.27152 -0.0662302 -0.27152 1.04471 0
0.46875 0 0 1.9813 0 0.0154893 0.101711 0.0154893 -0.101711 0.988401 0
0.5 0 0 2.00446 0 -0.03188 0 -0.03188 0 0.921879 0
0.53125 0 0 1.9813 0 0.0154893 -0.101711 0.0154893 0.101711 0.988401 0
0.5625 0 0 1.94327 -2.21956e-18 -0.0662302 -0.27152 -0.0662302 0.27152 1.04471 0
0.59375 0 0 2.01794 0 -0.129513 -0.352051 -0.129513 0.352051 0.973269 0
0.625 0 0 2.03968 2.25621e-17 -0.222241 -0.484362 -0.222241 0.484362 1.00621 0
0.65625 0 0 2.01121 3.5513e-17 -0.349584 -0.589299 -0.349584 0.589299 1.04502 0
0.6875 0 0 1.97752 -3.5513e-17 -0.484629 -0.626971 -0.484629 0.626971 1.01028 0
0.71875 0 0 2.03436 0 -0.598849 -0.720003 -0.598849 0.720003 0.991776 0
0.75 0 0 2.00869 0 -0.711269 -0.704538 -0.711269 0.704538 1.01974 0
0.78125 0 0 2.0957 7.10259e-17 -0.8877 -0.73428 -0.8877 0.73428 1.05058 0
0.8125 0 0 1.99984 0 -0.971225 -0.647805 -0.971225 0.647805 0.991712 3.5513e-17
0.84375 0 0 1.94105 7.10259e-17 -1.07349 -0.551746 -1.07349 0.551746 0.980988 0
0.875 0 0 1.92137 7.10259e-17 -1.14725 -0.48036 -1.14725 0.48036 0.970902 0
0.90625 0 0 2.03844 0 -1.32311 -0.406769 -1.32311 0.406769 1.04254 0
0.9375 0 0 1.98793 1.37163e-15 -1.34951 -0.263255 -1.34951 0.263255 0.990933 6.39233e-16
0.96875 0 0 2.04716 2.87655e-15 -1.43291 -0.141299 -1.43291 0.141299 1.02753 1.46581e-15
############################################################
# Current time step                      : 1500000
# Total number of measurements           : 100000
# Average temperature of the measurement : 0.00499691
# Boltzmann constant under current units : 1
############################################################
# qx	 qy 	 qz 		 Phi(q)
0 0 0 1.97031 0 -1.39322 0 -1.39322 0 0.985156 0
0.03125 0 0 2.0552 -3.55052e-17 -1.43686 0.141657 -1.43686 -0.141657 1.02844 0
0.0625 0 0 1.99884 0 -1.35503 0.268171 -1.35503 -0.268171 0.997726 0
0.09375 0 0 2.03642 6.39093e-16 -1.32094 0.402562 -1.32094 -0.402562 1.0257 3.65235e-16
0.125 0 0 1.95874 0 -1.17619 0.492671 -1.17619 -0.492671 0.98794 0
0.15625 0 0 1.96229 -7.10104e-17 -1.07131 0.567089 -1.07131 -0.567089 0.990894 0
0.1875 0 0 2.04039 0 -0.992197 0.662234 -0.992197 -0.662234 0.994298 7.10104e-17
0.21875 0 0 2.03571 -7.10104e-17 -0.864655 0.705672 -0.864655 -0.705672 1.02612 0
0.25 0 0 2.03393 -2.13031e-16 -0.723015 0.731801 -0.723015 -0.731801 1.03192 -9.24195e-17
0.28125 0 0 2.01566 0 -0.577802 0.709592 -0.577802 -0.709592 0.996945 0
0.3125 0 0 1.95246 0 -0.466078 0.628571 -0.466078 -0.628571 0.989613 4.24981e-17
0.34375 0 0 2.01881 0 -0.334195 0.601227 -0.334195 -0.601227 1.0166 2.24237e-17
0.375 0 0 2.03584 0 -0.213331 0.494095 -0.213331 -0.494095 0.987896 -8.8763e-18
0.40625 0 0 2.00257 -1.08766e-17 -0.12578 0.365917 -0.12578 -0.365917 0.985414 4.43815e-18
0.4375 0 0 1.99818 2.21907e-18 -0.0753548 0.260221 -0.0753548 -0.260221 1.00766 0
0.46875 0 0 2.00791 -3.41709e-19 0.0210014 0.125683 0.0210014 -0.125683 0.986102 0
0.5 0 0 2.00447 0 0.00081582 0 0.00081582 0 0.943594 0
0.53125 0 0 2.00791 3.41709e-19 0.0210014 -0.125683 0.0210014 0.125683 0.986102 0
0.5625 0 0 1.99818 -2.21907e-18 -0.0753548 -0.260221 -0.0753548 0.260221 1.00766 0
0.59375 0 0 2.00257 1.08766e-17 -0.12578 -0.365917 -0.12578 0.365917 0.985414 -4.43815e-18
0.625 0 0 2.03584 0 -0.213331 -0.494095 -0.213331 0.494095 0.987896 8.8763e-18
0.65625 0 0 2.01881 0 -0.334195 -0.601227 -0.334195 0.601227 1.0166 -2.24237e-17
0.6875 0 0 1.95246 0 -0.466078 -0.628571 -0.466078 0.628571 0.989613 -4.24981e-17
0.71875 0 0 2.01566 0 -0.577802 -0.709592 -0.577802 0.709592 0.996945 0
0.75 0 0 2.03393 2.13031e-16 -0.723015 -0.731801 -0.723015 0.731801 1.03192 9.24195e-17
0.78125 0 0 2.03571 7.10104e-17 -0.864655 -0.705672 -0.864655 0.705672 1.02612 0
0.8125 0 0 2.04039 0 -0.992197 -0.662234 -0.992197 0.662234 0.994298 -7.10104e-17
0.84375 0 0 1.96229 7.10104e-17 -1.07131 -0.567089 -1.07131 0.567089 0.990894 0
0.875 0 0 1.95874 0 -1.17619 -0.492671 -1.17619 0.492671 0.98794 0
0.90625 0 0 2.03642 -6.39093e-16 -1.32094 -0.402562 -1.32094 0.402562 1.0257 -3.65235e-16
0.9375 0 0 1.99884 0 -1.35503 -0.268171 -1.35503 0.268171 0.997726 0
0.96875 0 0 2.0552 3.55052e-17 -1.43686 -0.141657 -1.43686 0.141657 1.02844 0
